<?xml version="1.0" encoding="UTF-8"?>
<!-- Generated by org.testng.reporters.JUnitReportReporter -->
<testsuite hostname="DESKTOP-ULI9I7L" failures="0" tests="3" name="homePage.ourMenu" time="115.363" errors="0" timestamp="2022-08-22T09:10:05 PDT" skipped="0">
  <testcase classname="homePage.ourMenu" name="beverage" time="44.039"/>
  <system-out/>
  <testcase classname="homePage.ourMenu" name="vegpizza" time="35.026"/>
  <system-out/>
  <testcase classname="homePage.ourMenu" name="nonvegpizza" time="36.298"/>
  <system-out/>
</testsuite> <!-- homePage.ourMenu -->
